<?xml version="1.0" encoding="UTF-8" ?>
<testsuite tests="40" failures="0" name="AcceptanceTest" time="70.719" errors="0" skipped="0">
  <properties>
[...]
</properties>
  <testcase classname="Scenario: Login user should navigate to payment page to process the order" name="Given a web browser is at rs components home page \&quot;http:\/\/uk.rs-online.com\/web\/\&quot;" time="0"/>
  <testcase classname="Scenario: Login user should navigate to payment page to process the order" name="And enters the username as \&quot;naren1306\&quot; and the password as \&quot;test123\&quot;" time="0"/>
  <testcase classname="Scenario: Login user should navigate to payment page to process the order" name="And clicks on the login button to login" time="0"/>
  <testcase classname="Scenario: Login user should navigate to payment page to process the order" name="And clicks on New products menu" time="0.003"/>
  <testcase classname="Scenario: Login user should navigate to payment page to process the order" name="And selects the pi-top laptop from new products list" time="0"/>
  <testcase classname="Scenario: Login user should navigate to payment page to process the order" name="And confirm the selected product and units" time="0.001"/>
  <testcase classname="Scenario: Login user should navigate to payment page to process the order" name="And clicks on the add to basket button" time="0"/>
  <testcase classname="Scenario: Login user should navigate to payment page to process the order" name="And clicks on the view basket button" time="0.001"/>
  <testcase classname="Scenario: Login user should navigate to payment page to process the order" name="And I will be able to see the checkout page" time="0"/>
  <testcase classname="Scenario: Login user should navigate to payment page to process the order" name="When I clicks on the checkout securely button to checkout" time="0"/>
  <testcase classname="Scenario: Login user should navigate to payment page to process the order" name="Then I should able to navigate to the payments page" time="0"/>
  <testcase classname="Scenario: Login user should navigate to payment page to process the order" name="Scenario: Login user should navigate to payment page to process the order" time="0.462"/>
  <testcase classname="Scenario: User will be asking to login to process the order" name="Given a web browser is at rs components home page \&quot;http:\/\/uk.rs-online.com\/web\/\&quot;" time="0"/>
  <testcase classname="Scenario: User will be asking to login to process the order" name="And clicks on New products menu" time="0"/>
  <testcase classname="Scenario: User will be asking to login to process the order" name="And selects the pi-top laptop from new products list" time="0"/>
  <testcase classname="Scenario: User will be asking to login to process the order" name="And confirm the selected product and units" time="0"/>
  <testcase classname="Scenario: User will be asking to login to process the order" name="And clicks on the add to basket button" time="0"/>
  <testcase classname="Scenario: User will be asking to login to process the order" name="And clicks on the view basket button" time="0"/>
  <testcase classname="Scenario: User will be asking to login to process the order" name="And I will be able to see the checkout page" time="0"/>
  <testcase classname="Scenario: User will be asking to login to process the order" name="When I clicks on the checkout securely button to checkout" time="0"/>
  <testcase classname="Scenario: User will be asking to login to process the order" name="Then should able to see a pop window asking to enter the login details" time="0"/>
  <testcase classname="Scenario: User will be asking to login to process the order" name="And I should able to navigate to the payments page" time="0"/>
  <testcase classname="Scenario: User will be asking to login to process the order" name="Scenario: User will be asking to login to process the order" time="0.326"/>
  <testcase classname="Scenario: Invalid track order number should display error notification message" name="Given a web browser is at rs components home page \&quot;http:\/\/uk.rs-online.com\/web\/\&quot;" time="0"/>
  <testcase classname="Scenario: Invalid track order number should display error notification message" name="And entered invalid track order number \&quot;2145abcd\&quot; in the rs order number search field" time="0"/>
  <testcase classname="Scenario: Invalid track order number should display error notification message" name="When I click on the track order button" time="0"/>
  <testcase classname="Scenario: Invalid track order number should display error notification message" name="Then i will be navigate to parcel tracking page" time="0"/>
  <testcase classname="Scenario: Invalid track order number should display error notification message" name="And i should able to see error notification message \&quot;No orders matched your search criteria\&quot;" time="0"/>
  <testcase classname="Scenario: Invalid track order number should display error notification message" name="Scenario: Invalid track order number should display error notification message" time="0.425"/>
  <testcase classname="Scenario: Search for the brand in the search field" name="Given a web browser is at rs components home page \&quot;http:\/\/uk.rs-online.com\/web\/\&quot;" time="0"/>
  <testcase classname="Scenario: Search for the brand in the search field" name="And entered the brand as \&quot;microchip\&quot; in the search field" time="0"/>
  <testcase classname="Scenario: Search for the brand in the search field" name="When I click on the search cog" time="0"/>
  <testcase classname="Scenario: Search for the brand in the search field" name="Then I should able to see \&quot;Categories for Microchip\&quot; in the microchip brand page" time="0"/>
  <testcase classname="Scenario: Search for the brand in the search field" name="Scenario: Search for the brand in the search field" time="0.456"/>
  <testcase classname="Scenario: User can search and process the order through quick order feature" name="Given a web browser is at rs components home page \&quot;http:\/\/uk.rs-online.com\/web\/\&quot;" time="0"/>
  <testcase classname="Scenario: User can search and process the order through quick order feature" name="And entered the product code \&quot;884-1310\&quot; in the rs stock number search field" time="0"/>
  <testcase classname="Scenario: User can search and process the order through quick order feature" name="When I click on the add to basket button" time="0"/>
  <testcase classname="Scenario: User can search and process the order through quick order feature" name="Then I will be able to see the checkout page" time="0.001"/>
  <testcase classname="Scenario: User can search and process the order through quick order feature" name="And I should able see product the product code \&quot;RS Stock No. 884-1310\&quot;" time="0"/>
  <testcase classname="Scenario: User can search and process the order through quick order feature" name="Scenario: User can search and process the order through quick order feature" time="0.35"/>
</testsuite>